2022-05-20 07:59:07 - The pcap file or folder does not exist! -> -h
2022-05-20 07:59:42 - Please select pcap!
2022-05-20 08:00:00 - You select: Port_scan.pcap
2022-05-20 08:00:00 - Out folder: ../Network_traffic
2022-05-20 08:00:01 - CICFlowMeter received 1 pcap file
2022-05-20 08:18:19 - You select: ./Port_scan.pcap
2022-05-20 08:18:19 - Out folder: /root/Desktop/Project_F/Network_traffic
2022-05-20 08:18:19 - CICFlowMeter received 1 pcap file
2022-05-20 08:18:28 - You select: ./Port_scan.pcap
2022-05-20 08:18:28 - Out folder: /root/Desktop/Project_F/Network_traffic
2022-05-20 08:18:29 - CICFlowMeter received 1 pcap file
2022-05-20 08:18:53 - You select: /root/Desktop/Project_F/captured_traffic/Port_scan.pcap
2022-05-20 08:18:53 - Out folder: /root/Desktop/Project_F/Network_traffic
2022-05-20 08:18:53 - CICFlowMeter received 1 pcap file
2022-05-20 08:19:00 - You select: /root/Desktop/Project_F/captured_traffic/Port_scan.pcap
2022-05-20 08:19:00 - Out folder: /root/Desktop/Project_F/Network_traffic/
2022-05-20 08:19:00 - CICFlowMeter received 1 pcap file
2022-05-20 08:19:22 - You select: /root/Desktop/Project_F/captured_traffic/Port_scan.pcap
2022-05-20 08:19:22 - Out folder: /root/Desktop/Project_F/Network_traffic/a
2022-05-20 08:19:22 - CICFlowMeter received 1 pcap file
2022-05-20 08:19:37 - You select: /root/Desktop/Project_F/captured_traffic/Port_scan.pcap
2022-05-20 08:19:37 - Out folder: /root/Desktop/Project_F/Network_traffic
2022-05-20 08:19:37 - CICFlowMeter received 1 pcap file
